c:\users\hashimoto lab\desktop\editableversioncoachbot\editableversioncoachbot\coachbot1\release\vc143.pdb
c:\users\hashimoto lab\desktop\editableversioncoachbot\editableversioncoachbot\coachbot1\release\trapezoid.obj
c:\users\hashimoto lab\desktop\editableversioncoachbot\editableversioncoachbot\coachbot1\release\trainerbotmanager.obj
c:\users\hashimoto lab\desktop\editableversioncoachbot\editableversioncoachbot\coachbot1\release\trainerpredictor.obj
c:\users\hashimoto lab\desktop\editableversioncoachbot\editableversioncoachbot\coachbot1\release\trainerdatamanager.obj
c:\users\hashimoto lab\desktop\editableversioncoachbot\editableversioncoachbot\coachbot1\release\trainerapp.obj
c:\users\hashimoto lab\desktop\editableversioncoachbot\editableversioncoachbot\coachbot1\release\trainer.obj
c:\users\hashimoto lab\desktop\editableversioncoachbot\editableversioncoachbot\coachbot1\release\main.obj
c:\users\hashimoto lab\desktop\editableversioncoachbot\editableversioncoachbot\coachbot1\release\botsimulator.obj
c:\users\hashimoto lab\desktop\editableversioncoachbot\editableversioncoachbot\coachbot1\release\imgui_impl_win32.obj
c:\users\hashimoto lab\desktop\editableversioncoachbot\editableversioncoachbot\coachbot1\release\imgui_impl_dx12.obj
c:\users\hashimoto lab\desktop\editableversioncoachbot\editableversioncoachbot\coachbot1\release\imgui_widgets.obj
c:\users\hashimoto lab\desktop\editableversioncoachbot\editableversioncoachbot\coachbot1\release\imgui_tables.obj
c:\users\hashimoto lab\desktop\editableversioncoachbot\editableversioncoachbot\coachbot1\release\imgui_draw.obj
c:\users\hashimoto lab\desktop\editableversioncoachbot\editableversioncoachbot\coachbot1\release\imgui_demo.obj
c:\users\hashimoto lab\desktop\editableversioncoachbot\editableversioncoachbot\coachbot1\release\imgui.obj
c:\users\hashimoto lab\desktop\editableversioncoachbot\editableversioncoachbot\coachbot1\release\implot_items.obj
c:\users\hashimoto lab\desktop\editableversioncoachbot\editableversioncoachbot\coachbot1\release\implot.obj
c:\users\hashimoto lab\desktop\editableversioncoachbot\editableversioncoachbot\coachbot1\release\example_win32_directx12.exe
c:\users\hashimoto lab\desktop\editableversioncoachbot\editableversioncoachbot\coachbot1\release\example_win32_directx12.pdb
c:\users\hashimoto lab\desktop\editableversioncoachbot\editableversioncoachbot\coachbot1\release\example_win32_directx12.ipdb
c:\users\hashimoto lab\desktop\editableversioncoachbot\editableversioncoachbot\coachbot1\release\example_win32_directx12.iobj
c:\users\hashimoto lab\desktop\editableversioncoachbot\editableversioncoachbot\coachbot1\release\example_win32_directx12.vcxproj.filelistabsolute.txt
c:\users\hashimoto lab\desktop\editableversioncoachbot\editableversioncoachbot\coachbot1\release\example_.b4cf9797.tlog\cl.command.1.tlog
c:\users\hashimoto lab\desktop\editableversioncoachbot\editableversioncoachbot\coachbot1\release\example_.b4cf9797.tlog\cl.items.tlog
c:\users\hashimoto lab\desktop\editableversioncoachbot\editableversioncoachbot\coachbot1\release\example_.b4cf9797.tlog\cl.read.1.tlog
c:\users\hashimoto lab\desktop\editableversioncoachbot\editableversioncoachbot\coachbot1\release\example_.b4cf9797.tlog\cl.write.1.tlog
c:\users\hashimoto lab\desktop\editableversioncoachbot\editableversioncoachbot\coachbot1\release\example_.b4cf9797.tlog\link.command.1.tlog
c:\users\hashimoto lab\desktop\editableversioncoachbot\editableversioncoachbot\coachbot1\release\example_.b4cf9797.tlog\link.read.1.tlog
c:\users\hashimoto lab\desktop\editableversioncoachbot\editableversioncoachbot\coachbot1\release\example_.b4cf9797.tlog\link.secondary.1.tlog
c:\users\hashimoto lab\desktop\editableversioncoachbot\editableversioncoachbot\coachbot1\release\example_.b4cf9797.tlog\link.write.1.tlog
